[     900ms] [INFO] %cDownload the React DevTools for a better development experience: https://react.dev/link/react-devtools font-weight:bold @ http://localhost:5176/node_modules/.vite/deps/react-dom_client.js?v=192f2862:14337
[    1130ms] [WARNING] This page appears to be missing CSS declarations for Mapbox GL JS, which may cause the map to display incorrectly. Please ensure your page includes mapbox-gl.css, as described in https://www.mapbox.com/mapbox-gl-js/api/. @ http://localhost:5176/@vite/client:509
[    5707ms] [ERROR] Error: The layer 'background' does not exist in the map's style.
    at Po._checkLayer (http://localhost:5176/node_modules/.vite/deps/mapbox-gl-BFeupCwg.js?v=c07da872:35133:40)
    at Po.setPaintProperty (http://localhost:5176/node_modules/.vite/deps/mapbox-gl-BFeupCwg.js?v=c07da872:35888:21)
    at Map.setPaintProperty (http://localhost:5176/node_modules/.vite/deps/mapbox-gl-BFeupCwg.js?v=c07da872:46661:47)
    at onLoad (http://localhost:5176/src/App.tsx:673:12)
    at Mapbox._onEvent (http://localhost:5176/node_modules/.vite/deps/react-map-gl_mapbox.js?v=b7d6a994:379:12)
    at Map.fire (http://localhost:5176/node_modules/.vite/deps/mapbox-gl-BFeupCwg.js?v=c07da872:1016:28)
    at Mapbox._fireEvent (http://localhost:5176/node_modules/.vite/deps/react-map-gl_mapbox.js?v=b7d6a994:647:13)
    at Map._render (http://localhost:5176/node_modules/.vite/deps/mapbox-gl-BFeupCwg.js?v=c07da872:46927:116)
    at map._render (http://localhost:5176/node_modules/.vite/deps/react-map-gl_mapbox.js?v=b7d6a994:479:14)
    at http://localhost:5176/node_modules/.vite/deps/mapbox-gl-BFeupCwg.js?v=c07da872:47058:68 @ http://localhost:5176/@vite/client:509
[    5709ms] [ERROR] Error: The layer 'water-shadow' does not exist in the map's style.
    at Po._checkLayer (http://localhost:5176/node_modules/.vite/deps/mapbox-gl-BFeupCwg.js?v=c07da872:35133:40)
    at Po.setPaintProperty (http://localhost:5176/node_modules/.vite/deps/mapbox-gl-BFeupCwg.js?v=c07da872:35888:21)
    at Map.setPaintProperty (http://localhost:5176/node_modules/.vite/deps/mapbox-gl-BFeupCwg.js?v=c07da872:46661:47)
    at onLoad (http://localhost:5176/src/App.tsx:681:13)
    at Mapbox._onEvent (http://localhost:5176/node_modules/.vite/deps/react-map-gl_mapbox.js?v=b7d6a994:379:12)
    at Map.fire (http://localhost:5176/node_modules/.vite/deps/mapbox-gl-BFeupCwg.js?v=c07da872:1016:28)
    at Mapbox._fireEvent (http://localhost:5176/node_modules/.vite/deps/react-map-gl_mapbox.js?v=b7d6a994:647:13)
    at Map._render (http://localhost:5176/node_modules/.vite/deps/mapbox-gl-BFeupCwg.js?v=c07da872:46927:116)
    at map._render (http://localhost:5176/node_modules/.vite/deps/react-map-gl_mapbox.js?v=b7d6a994:479:14)
    at http://localhost:5176/node_modules/.vite/deps/mapbox-gl-BFeupCwg.js?v=c07da872:47058:68 @ http://localhost:5176/@vite/client:509
[  256541ms] [ERROR] Error: The layer 'background' does not exist in the map's style.
    at Po._checkLayer (http://localhost:5176/node_modules/.vite/deps/mapbox-gl-BFeupCwg.js?v=c07da872:35133:40)
    at Po.setPaintProperty (http://localhost:5176/node_modules/.vite/deps/mapbox-gl-BFeupCwg.js?v=c07da872:35888:21)
    at Map.setPaintProperty (http://localhost:5176/node_modules/.vite/deps/mapbox-gl-BFeupCwg.js?v=c07da872:46661:47)
    at onLoad (http://localhost:5176/src/App.tsx?t=1777315595444:702:12)
    at Mapbox._onEvent (http://localhost:5176/node_modules/.vite/deps/react-map-gl_mapbox.js?v=b7d6a994:379:12)
    at Map.fire (http://localhost:5176/node_modules/.vite/deps/mapbox-gl-BFeupCwg.js?v=c07da872:1016:28)
    at Mapbox._fireEvent (http://localhost:5176/node_modules/.vite/deps/react-map-gl_mapbox.js?v=b7d6a994:647:13)
    at Map._render (http://localhost:5176/node_modules/.vite/deps/mapbox-gl-BFeupCwg.js?v=c07da872:46927:116)
    at map._render (http://localhost:5176/node_modules/.vite/deps/react-map-gl_mapbox.js?v=b7d6a994:479:14)
    at http://localhost:5176/node_modules/.vite/deps/mapbox-gl-BFeupCwg.js?v=c07da872:47058:68 @ http://localhost:5176/@vite/client:509
[  256544ms] [ERROR] Error: The layer 'water-shadow' does not exist in the map's style.
    at Po._checkLayer (http://localhost:5176/node_modules/.vite/deps/mapbox-gl-BFeupCwg.js?v=c07da872:35133:40)
    at Po.setPaintProperty (http://localhost:5176/node_modules/.vite/deps/mapbox-gl-BFeupCwg.js?v=c07da872:35888:21)
    at Map.setPaintProperty (http://localhost:5176/node_modules/.vite/deps/mapbox-gl-BFeupCwg.js?v=c07da872:46661:47)
    at onLoad (http://localhost:5176/src/App.tsx?t=1777315595444:710:13)
    at Mapbox._onEvent (http://localhost:5176/node_modules/.vite/deps/react-map-gl_mapbox.js?v=b7d6a994:379:12)
    at Map.fire (http://localhost:5176/node_modules/.vite/deps/mapbox-gl-BFeupCwg.js?v=c07da872:1016:28)
    at Mapbox._fireEvent (http://localhost:5176/node_modules/.vite/deps/react-map-gl_mapbox.js?v=b7d6a994:647:13)
    at Map._render (http://localhost:5176/node_modules/.vite/deps/mapbox-gl-BFeupCwg.js?v=c07da872:46927:116)
    at map._render (http://localhost:5176/node_modules/.vite/deps/react-map-gl_mapbox.js?v=b7d6a994:479:14)
    at http://localhost:5176/node_modules/.vite/deps/mapbox-gl-BFeupCwg.js?v=c07da872:47058:68 @ http://localhost:5176/@vite/client:509
[  290276ms] [WARNING] Unable to perform style diff: Unimplemented: setSprite.. Rebuilding the style from scratch. @ http://localhost:5176/@vite/client:509
[  352192ms] [ERROR] Error: The layer 'background' does not exist in the map's style.
    at Po._checkLayer (http://localhost:5176/node_modules/.vite/deps/mapbox-gl-BFeupCwg.js?v=c07da872:35133:40)
    at Po.setPaintProperty (http://localhost:5176/node_modules/.vite/deps/mapbox-gl-BFeupCwg.js?v=c07da872:35888:21)
    at Map.setPaintProperty (http://localhost:5176/node_modules/.vite/deps/mapbox-gl-BFeupCwg.js?v=c07da872:46661:47)
    at set (http://localhost:5176/src/App.tsx?t=1777315691219:161:29)
    at applyApplePalette (http://localhost:5176/src/App.tsx?t=1777315691219:169:2)
    at onLoad (http://localhost:5176/src/App.tsx?t=1777315691219:891:8)
    at Mapbox._onEvent (http://localhost:5176/node_modules/.vite/deps/react-map-gl_mapbox.js?v=b7d6a994:379:12)
    at Map.fire (http://localhost:5176/node_modules/.vite/deps/mapbox-gl-BFeupCwg.js?v=c07da872:1016:28)
    at Mapbox._fireEvent (http://localhost:5176/node_modules/.vite/deps/react-map-gl_mapbox.js?v=b7d6a994:647:13)
    at Map._render (http://localhost:5176/node_modules/.vite/deps/mapbox-gl-BFeupCwg.js?v=c07da872:46927:116) @ http://localhost:5176/@vite/client:509
